<?xml version="1.0" encoding="UTF-8"?>
<testsuite name="org.example.MainTest" tests="1" skipped="0" failures="0" errors="0" timestamp="2025-07-27T00:14:41.389Z" hostname="Henriques-Air" time="0.009">
  <properties/>
  <testcase name="test()" classname="org.example.MainTest" time="0.009"/>
  <system-out><![CDATA[]]></system-out>
  <system-err><![CDATA[]]></system-err>
</testsuite>
